<?xml version="1.0" encoding="UTF-8"?>
<testng-results skipped="0" failed="0" ignored="0" total="1" passed="1">
  <reporter-output>
  </reporter-output>
  <suite name="Default suite" duration-ms="21133" started-at="2020-07-20T07:50:59Z" finished-at="2020-07-20T07:51:20Z">
    <groups>
    </groups>
    <test name="Default test" duration-ms="21133" started-at="2020-07-20T07:50:59Z" finished-at="2020-07-20T07:51:20Z">
      <class name="spicejet.qa.testcases.IndigoLoginPageTest">
        <test-method status="PASS" signature="setUp()[pri:0, instance:spicejet.qa.testcases.IndigoLoginPageTest@cc285f4]" name="setUp" is-config="true" duration-ms="17285" started-at="2020-07-20T13:20:59Z" finished-at="2020-07-20T13:21:17Z">
          <reporter-output>
          </reporter-output>
        </test-method> <!-- setUp -->
        <test-method status="PASS" signature="loginPageTitleTest()[pri:0, instance:spicejet.qa.testcases.IndigoLoginPageTest@cc285f4]" name="loginPageTitleTest" duration-ms="3040" started-at="2020-07-20T13:21:17Z" finished-at="2020-07-20T13:21:20Z">
          <reporter-output>
          </reporter-output>
        </test-method> <!-- loginPageTitleTest -->
        <test-method status="PASS" signature="tearDown()[pri:0, instance:spicejet.qa.testcases.IndigoLoginPageTest@cc285f4]" name="tearDown" is-config="true" duration-ms="789" started-at="2020-07-20T13:21:20Z" finished-at="2020-07-20T13:21:20Z">
          <reporter-output>
          </reporter-output>
        </test-method> <!-- tearDown -->
      </class> <!-- spicejet.qa.testcases.IndigoLoginPageTest -->
    </test> <!-- Default test -->
  </suite> <!-- Default suite -->
</testng-results>
